<?xml version="1.0" encoding="UTF-8"?>
<!-- Generated by org.testng.reporters.JUnitXMLReporter -->
<testsuite hostname="Jeys-MBP.home" ignored="0" name="Home Page Test" tests="5" failures="0" timestamp="2020-06-13T21:47:47 EDT" time="9.194" errors="0">
  <testcase name="verifyAssignedLabeldisplayedTest" time="1.919" classname="com.qa.hubspot.tests.HomePageTest"/>
  <testcase name="verifyHomePageHeaderTest" time="0.124" classname="com.qa.hubspot.tests.HomePageTest"/>
  <testcase name="verifyLoggedInUserTest" time="0.144" classname="com.qa.hubspot.tests.HomePageTest"/>
  <testcase name="verifyHomePageTitleTest" time="0.009" classname="com.qa.hubspot.tests.HomePageTest"/>
  <testcase name="verifyFilterdashboardDisplayedTest" time="0.044" classname="com.qa.hubspot.tests.HomePageTest"/>
</testsuite> <!-- Home Page Test -->
