<?xml version="1.0" encoding="UTF-8"?>
<!-- Generated by org.testng.reporters.JUnitXMLReporter -->
<testsuite hostname="Jeys-MBP.home" ignored="0" name="Login Page Test" tests="4" failures="0" timestamp="2020-05-28T22:11:12 EDT" time="7.779" errors="0">
  <testcase name="verifyAccountdontHaveText" time="5.186" classname="com.qa.hubspot.tests.LoginPageTest"/>
  <testcase name="verifySignUpLink" time="0.046" classname="com.qa.hubspot.tests.LoginPageTest"/>
  <testcase name="verifyLoginPageTest" time="0.007" classname="com.qa.hubspot.tests.LoginPageTest"/>
  <testcase name="verifyLoginTest" time="0.544" classname="com.qa.hubspot.tests.LoginPageTest"/>
</testsuite> <!-- Login Page Test -->
