<?xml version="1.0" encoding="UTF-8"?>
<!-- Generated by org.testng.reporters.JUnitXMLReporter -->
<testsuite hostname="Jeys-MBP.home" ignored="0" name="Default test" tests="4" failures="0" timestamp="2020-06-05T23:43:17 EDT" time="7.966" errors="0">
  <testcase name="verifyAccountdontHaveText" time="5.196" classname="com.qa.hubspot.tests.LoginPageTest"/>
  <testcase name="verifySignUpLink" time="0.03" classname="com.qa.hubspot.tests.LoginPageTest"/>
  <testcase name="verifyLoginPageTest" time="0.021" classname="com.qa.hubspot.tests.LoginPageTest"/>
  <testcase name="verifyLoginTest" time="0.416" classname="com.qa.hubspot.tests.LoginPageTest"/>
</testsuite> <!-- Default test -->
