<?xml version="1.0" encoding="UTF-8"?>
<!-- Generated by org.testng.reporters.JUnitXMLReporter -->
<testsuite hostname="Jeys-MBP.home" ignored="0" name="HubSpot Functional Test" tests="4" failures="1" timestamp="2020-06-06T16:56:59 EDT" time="28.465" errors="0">
  <testcase name="verifyAccountdontHaveText" time="5.481" classname="com.qa.hubspot.tests.LoginPageTest"/>
  <testcase name="verifySignUpLink" time="20.068" classname="com.qa.hubspot.tests.LoginPageTest">
    <failure type="java.lang.NullPointerException">
      <![CDATA[java.lang.NullPointerException
at com.qa.hubspot.utils.ElementUtil.doIsDisplayed(ElementUtil.java:56)
at com.qa.hubspot.pages.LoginPage.verifySignUpLink(LoginPage.java:59)
at com.qa.hubspot.tests.LoginPageTest.verifySignUpLink(LoginPageTest.java:47)
at java.util.ArrayList.forEach(ArrayList.java:1257)
... Removed 27 stack frames]]>
    </failure>
  </testcase> <!-- verifySignUpLink -->
  <testcase name="verifyLoginPageTest" time="0.023" classname="com.qa.hubspot.tests.LoginPageTest"/>
  <testcase name="verifyLoginTest" time="0.46" classname="com.qa.hubspot.tests.LoginPageTest"/>
</testsuite> <!-- HubSpot Functional Test -->
