<?xml version="1.0" encoding="UTF-8"?>
<!-- Generated by org.testng.reporters.JUnitXMLReporter -->
<testsuite hostname="Jeys-MBP.home" ignored="0" name="HubSpot Functional Test" tests="4" failures="0" timestamp="2020-06-01T21:17:10 EDT" time="7.01" errors="0">
  <testcase name="verifyAccountdontHaveText" time="4.846" classname="com.qa.hubspot.tests.LoginPageTest"/>
  <testcase name="verifySignUpLink" time="0.031" classname="com.qa.hubspot.tests.LoginPageTest"/>
  <testcase name="verifyLoginPageTest" time="0.005" classname="com.qa.hubspot.tests.LoginPageTest"/>
  <testcase name="verifyLoginTest" time="0.443" classname="com.qa.hubspot.tests.LoginPageTest"/>
</testsuite> <!-- HubSpot Functional Test -->
