<?xml version="1.0" encoding="UTF-8"?>
<!-- Generated by org.testng.reporters.JUnitXMLReporter -->
<testsuite hostname="Jeys-MBP.home" ignored="0" name="Login Page Test" tests="4" failures="0" timestamp="2020-06-17T19:28:21 EDT" time="7.878" errors="0">
  <testcase name="verifyAccountdontHaveText" time="4.591" classname="com.qa.hubspot.tests.LoginPageTest"/>
  <testcase name="verifySignUpLink" time="0.074" classname="com.qa.hubspot.tests.LoginPageTest"/>
  <testcase name="verifyLoginPageTest" time="0.061" classname="com.qa.hubspot.tests.LoginPageTest"/>
  <testcase name="verifyLoginTest" time="0.517" classname="com.qa.hubspot.tests.LoginPageTest"/>
</testsuite> <!-- Login Page Test -->
